NextG_3G4G/A_AA_FourGThreeGNew_Agst/build/outputs/logs/manifest-merger-release-report.txt
-- Merging decision tree log ---
manifest
ADDED from NextG_3G4G/A_AA_FourGThreeGNew_Agst/AndroidManifest.xml:2:1-290:12
INJECTED from NextG_3G4G/A_AA_FourGThreeGNew_Agst/AndroidManifest.xml:2:1-290:12
INJECTED from NextG_3G4G/A_AA_FourGThreeGNew_Agst/AndroidManifest.xml:2:1-290:12
INJECTED from NextG_3G4G/A_AA_FourGThreeGNew_Agst/AndroidManifest.xml:2:1-290:12
MERGED from [com.google.firebase:firebase-core:9.0.0] AndroidManifest.xml:2:1-6:12
MERGED from [com.android.support:multidex:1.0.2] AndroidManifest.xml:17:1-22:12
MERGED from [:library] AndroidManifest.xml:2:1-7:12
MERGED from [:lib_progress] AndroidManifest.xml:2:1-8:12
MERGED from [:AppNextEngine] AndroidManifest.xml:2:1-7:12
MERGED from [com.google.firebase:firebase-crash:10.0.1] AndroidManifest.xml:16:1-25:12
MERGED from [com.google.firebase:firebase-analytics:10.0.1] AndroidManifest.xml:16:1-34:12
MERGED from [com.facebook.android:audience-network-sdk:4.28.2] AndroidManifest.xml:2:1-20:12
MERGED from [com.google.android.gms:play-services-ads:10.0.1] AndroidManifest.xml:16:1-18:12
MERGED from [com.google.firebase:firebase-messaging:10.0.1] AndroidManifest.xml:16:1-30:12
MERGED from [com.google.android.gms:play-services-location:10.0.1] AndroidManifest.xml:2:1-5:12
MERGED from [com.google.android.gms:play-services-maps:10.0.1] AndroidManifest.xml:16:1-25:12
MERGED from [com.google.android.gms:play-services-ads-lite:10.0.1] AndroidManifest.xml:16:1-28:12
MERGED from [com.google.android.gms:play-services-clearcut:10.0.1] AndroidManifest.xml:16:1-19:12
MERGED from [com.google.android.gms:play-services-gass:10.0.1] AndroidManifest.xml:2:1-5:12
MERGED from [com.google.android.gms:play-services-base:10.0.1] AndroidManifest.xml:16:1-21:12
MERGED from [com.google.firebase:firebase-analytics-impl:10.0.1] AndroidManifest.xml:16:1-29:12
MERGED from [com.google.firebase:firebase-iid:10.0.1] AndroidManifest.xml:16:1-51:12
MERGED from [com.google.firebase:firebase-common:10.0.1] AndroidManifest.xml:2:1-8:12
MERGED from [com.google.android.gms:play-services-tasks:10.0.1] AndroidManifest.xml:2:1-5:12
MERGED from [com.google.android.gms:play-services-basement:10.0.1] AndroidManifest.xml:16:1-23:12
MERGED from [com.android.support:design:26.0.2] AndroidManifest.xml:17:1-31:12
MERGED from [com.android.support:appcompat-v7:26.0.2] AndroidManifest.xml:17:1-31:12
MERGED from [com.google.ads.mediation:facebook:4.26.0.0] AndroidManifest.xml:2:1-12:12
MERGED from [com.android.support:cardview-v7:26.0.2] AndroidManifest.xml:17:1-28:12
MERGED from [com.startapp:inapp-sdk:3.7.1] AndroidManifest.xml:2:1-41:12
MERGED from [:SOMAAndroid-7.2.1-release:] AndroidManifest.xml:2:1-13:12
MERGED from [com.android.volley:volley:1.1.0] AndroidManifest.xml:2:1-11:12
MERGED from [com.android.support:transition:26.0.2] AndroidManifest.xml:17:1-28:12
MERGED from [com.android.support:support-v4:26.0.2] AndroidManifest.xml:17:1-31:12
MERGED from [com.android.support:animated-vector-drawable:26.0.2] AndroidManifest.xml:17:1-28:12
MERGED from [com.android.support:support-vector-drawable:26.0.2] AndroidManifest.xml:17:1-28:12
MERGED from [com.android.support:recyclerview-v7:26.0.2] AndroidManifest.xml:17:1-28:12
MERGED from [com.google.android.exoplayer:exoplayer-dash:r2.4.2] AndroidManifest.xml:17:1-25:12
MERGED from [com.google.android.exoplayer:exoplayer-core:r2.4.2] AndroidManifest.xml:17:1-25:12
MERGED from [com.android.support:support-media-compat:26.0.2] AndroidManifest.xml:17:1-31:12
MERGED from [com.android.support:support-fragment:26.0.2] AndroidManifest.xml:17:1-31:12
MERGED from [com.android.support:support-core-utils:26.0.2] AndroidManifest.xml:17:1-31:12
MERGED from [com.android.support:support-core-ui:26.0.2] AndroidManifest.xml:17:1-31:12
MERGED from [com.android.support:support-compat:26.0.2] AndroidManifest.xml:17:1-31:12
INJECTED from NextG_3G4G/A_AA_FourGThreeGNew_Agst/AndroidManifest.xml:2:1-290:12
INJECTED from NextG_3G4G/A_AA_FourGThreeGNew_Agst/AndroidManifest.xml:2:1-290:12
INJECTED from NextG_3G4G/A_AA_FourGThreeGNew_Agst/AndroidManifest.xml:2:1-290:12
	package
		ADDED from NextG_3G4G/A_AA_FourGThreeGNew_Agst/AndroidManifest.xml:4:5-33
		INJECTED from NextG_3G4G/A_AA_FourGThreeGNew_Agst/AndroidManifest.xml
		INJECTED from NextG_3G4G/A_AA_FourGThreeGNew_Agst/AndroidManifest.xml
	android:versionName
		ADDED from NextG_3G4G/A_AA_FourGThreeGNew_Agst/AndroidManifest.xml:6:5-30
		INJECTED from NextG_3G4G/A_AA_FourGThreeGNew_Agst/AndroidManifest.xml
		INJECTED from NextG_3G4G/A_AA_FourGThreeGNew_Agst/AndroidManifest.xml
	xmlns:tools
		ADDED from NextG_3G4G/A_AA_FourGThreeGNew_Agst/AndroidManifest.xml:3:5-51
	xmlns:android
		ADDED from NextG_3G4G/A_AA_FourGThreeGNew_Agst/AndroidManifest.xml:2:11-69
	android:versionCode
		ADDED from NextG_3G4G/A_AA_FourGThreeGNew_Agst/AndroidManifest.xml:5:5-28
		INJECTED from NextG_3G4G/A_AA_FourGThreeGNew_Agst/AndroidManifest.xml
		INJECTED from NextG_3G4G/A_AA_FourGThreeGNew_Agst/AndroidManifest.xml
uses-sdk
ADDED from NextG_3G4G/A_AA_FourGThreeGNew_Agst/AndroidManifest.xml:8:5-10:41
INJECTED from NextG_3G4G/A_AA_FourGThreeGNew_Agst/AndroidManifest.xml:8:5-10:41
MERGED from [com.google.firebase:firebase-core:9.0.0] AndroidManifest.xml:4:5-42
MERGED from [com.google.firebase:firebase-core:9.0.0] AndroidManifest.xml:4:5-42
MERGED from [com.android.support:multidex:1.0.2] AndroidManifest.xml:20:5-43
MERGED from [com.android.support:multidex:1.0.2] AndroidManifest.xml:20:5-43
MERGED from [com.google.firebase:firebase-crash:10.0.1] AndroidManifest.xml:20:5-42
MERGED from [com.google.firebase:firebase-crash:10.0.1] AndroidManifest.xml:20:5-42
MERGED from [com.google.firebase:firebase-analytics:10.0.1] AndroidManifest.xml:17:5-42
MERGED from [com.google.firebase:firebase-analytics:10.0.1] AndroidManifest.xml:17:5-42
MERGED from [com.facebook.android:audience-network-sdk:4.28.2] AndroidManifest.xml:7:5-9:41
MERGED from [com.facebook.android:audience-network-sdk:4.28.2] AndroidManifest.xml:7:5-9:41
MERGED from [com.google.android.gms:play-services-ads:10.0.1] AndroidManifest.xml:17:5-42
MERGED from [com.google.android.gms:play-services-ads:10.0.1] AndroidManifest.xml:17:5-42
MERGED from [com.google.firebase:firebase-messaging:10.0.1] AndroidManifest.xml:17:5-42
MERGED from [com.google.firebase:firebase-messaging:10.0.1] AndroidManifest.xml:17:5-42
MERGED from [com.google.android.gms:play-services-location:10.0.1] AndroidManifest.xml:3:5-42
MERGED from [com.google.android.gms:play-services-location:10.0.1] AndroidManifest.xml:3:5-42
MERGED from [com.google.android.gms:play-services-maps:10.0.1] AndroidManifest.xml:23:5-42
MERGED from [com.google.android.gms:play-services-maps:10.0.1] AndroidManifest.xml:23:5-42
MERGED from [com.google.android.gms:play-services-ads-lite:10.0.1] AndroidManifest.xml:22:5-42
MERGED from [com.google.android.gms:play-services-ads-lite:10.0.1] AndroidManifest.xml:22:5-42
MERGED from [com.google.android.gms:play-services-clearcut:10.0.1] AndroidManifest.xml:17:5-42
MERGED from [com.google.android.gms:play-services-clearcut:10.0.1] AndroidManifest.xml:17:5-42
MERGED from [com.google.android.gms:play-services-gass:10.0.1] AndroidManifest.xml:3:5-42
MERGED from [com.google.android.gms:play-services-gass:10.0.1] AndroidManifest.xml:3:5-42
MERGED from [com.google.android.gms:play-services-base:10.0.1] AndroidManifest.xml:17:5-42
MERGED from [com.google.android.gms:play-services-base:10.0.1] AndroidManifest.xml:17:5-42
MERGED from [com.google.firebase:firebase-analytics-impl:10.0.1] AndroidManifest.xml:17:5-42
MERGED from [com.google.firebase:firebase-analytics-impl:10.0.1] AndroidManifest.xml:17:5-42
MERGED from [com.google.firebase:firebase-iid:10.0.1] AndroidManifest.xml:17:5-42
MERGED from [com.google.firebase:firebase-iid:10.0.1] AndroidManifest.xml:17:5-42
MERGED from [com.google.firebase:firebase-common:10.0.1] AndroidManifest.xml:3:5-42
MERGED from [com.google.firebase:firebase-common:10.0.1] AndroidManifest.xml:3:5-42
MERGED from [com.google.android.gms:play-services-tasks:10.0.1] AndroidManifest.xml:3:5-42
MERGED from [com.google.android.gms:play-services-tasks:10.0.1] AndroidManifest.xml:3:5-42
MERGED from [com.google.android.gms:play-services-basement:10.0.1] AndroidManifest.xml:17:5-42
MERGED from [com.google.android.gms:play-services-basement:10.0.1] AndroidManifest.xml:17:5-42
MERGED from [com.android.support:design:26.0.2] AndroidManifest.xml:21:5-23:62
MERGED from [com.android.support:design:26.0.2] AndroidManifest.xml:21:5-23:62
MERGED from [com.android.support:appcompat-v7:26.0.2] AndroidManifest.xml:21:5-23:78
MERGED from [com.android.support:appcompat-v7:26.0.2] AndroidManifest.xml:21:5-23:78
MERGED from [com.google.ads.mediation:facebook:4.26.0.0] AndroidManifest.xml:8:5-10:41
MERGED from [com.google.ads.mediation:facebook:4.26.0.0] AndroidManifest.xml:8:5-10:41
MERGED from [com.android.support:cardview-v7:26.0.2] AndroidManifest.xml:20:5-44
MERGED from [com.android.support:cardview-v7:26.0.2] AndroidManifest.xml:20:5-44
MERGED from [com.startapp:inapp-sdk:3.7.1] AndroidManifest.xml:7:5-9:41
MERGED from [com.startapp:inapp-sdk:3.7.1] AndroidManifest.xml:7:5-9:41
MERGED from [:SOMAAndroid-7.2.1-release:] AndroidManifest.xml:8:5-11:329
MERGED from [:SOMAAndroid-7.2.1-release:] AndroidManifest.xml:8:5-11:329
MERGED from [com.android.volley:volley:1.1.0] AndroidManifest.xml:7:5-43
MERGED from [com.android.volley:volley:1.1.0] AndroidManifest.xml:7:5-43
MERGED from [com.android.support:transition:26.0.2] AndroidManifest.xml:20:5-44
MERGED from [com.android.support:transition:26.0.2] AndroidManifest.xml:20:5-44
MERGED from [com.android.support:support-v4:26.0.2] AndroidManifest.xml:21:5-23:54
MERGED from [com.android.support:support-v4:26.0.2] AndroidManifest.xml:21:5-23:54
MERGED from [com.android.support:animated-vector-drawable:26.0.2] AndroidManifest.xml:20:5-44
MERGED from [com.android.support:animated-vector-drawable:26.0.2] AndroidManifest.xml:20:5-44
MERGED from [com.android.support:support-vector-drawable:26.0.2] AndroidManifest.xml:20:5-44
MERGED from [com.android.support:support-vector-drawable:26.0.2] AndroidManifest.xml:20:5-44
MERGED from [com.android.support:recyclerview-v7:26.0.2] AndroidManifest.xml:20:5-44
MERGED from [com.android.support:recyclerview-v7:26.0.2] AndroidManifest.xml:20:5-44
MERGED from [com.google.android.exoplayer:exoplayer-dash:r2.4.2] AndroidManifest.xml:21:5-23:41
MERGED from [com.google.android.exoplayer:exoplayer-dash:r2.4.2] AndroidManifest.xml:21:5-23:41
MERGED from [com.google.android.exoplayer:exoplayer-core:r2.4.2] AndroidManifest.xml:21:5-23:41
MERGED from [com.google.android.exoplayer:exoplayer-core:r2.4.2] AndroidManifest.xml:21:5-23:41
MERGED from [com.android.support:support-media-compat:26.0.2] AndroidManifest.xml:21:5-23:63
MERGED from [com.android.support:support-media-compat:26.0.2] AndroidManifest.xml:21:5-23:63
MERGED from [com.android.support:support-fragment:26.0.2] AndroidManifest.xml:21:5-23:60
MERGED from [com.android.support:support-fragment:26.0.2] AndroidManifest.xml:21:5-23:60
MERGED from [com.android.support:support-core-utils:26.0.2] AndroidManifest.xml:21:5-23:61
MERGED from [com.android.support:support-core-utils:26.0.2] AndroidManifest.xml:21:5-23:61
MERGED from [com.android.support:support-core-ui:26.0.2] AndroidManifest.xml:21:5-23:58
MERGED from [com.android.support:support-core-ui:26.0.2] AndroidManifest.xml:21:5-23:58
MERGED from [com.android.support:support-compat:26.0.2] AndroidManifest.xml:21:5-23:58
MERGED from [com.android.support:support-compat:26.0.2] AndroidManifest.xml:21:5-23:58
INJECTED from NextG_3G4G/A_AA_FourGThreeGNew_Agst/AndroidManifest.xml:8:5-10:41
	tools:overrideLibrary
		ADDED from [com.android.support:design:26.0.2] AndroidManifest.xml:23:9-59
	android:targetSdkVersion
		ADDED from NextG_3G4G/A_AA_FourGThreeGNew_Agst/AndroidManifest.xml:10:9-38
		INJECTED from NextG_3G4G/A_AA_FourGThreeGNew_Agst/AndroidManifest.xml
		INJECTED from NextG_3G4G/A_AA_FourGThreeGNew_Agst/AndroidManifest.xml
	android:minSdkVersion
		ADDED from NextG_3G4G/A_AA_FourGThreeGNew_Agst/AndroidManifest.xml:9:9-35
uses-permission#android.permission.ACCESS_NETWORK_STATE
ADDED from NextG_3G4G/A_AA_FourGThreeGNew_Agst/AndroidManifest.xml:12:5-79
MERGED from [com.google.firebase:firebase-analytics:10.0.1] AndroidManifest.xml:21:5-78
MERGED from [com.google.firebase:firebase-analytics:10.0.1] AndroidManifest.xml:21:5-78
MERGED from [com.facebook.android:audience-network-sdk:4.28.2] AndroidManifest.xml:12:5-79
MERGED from [com.facebook.android:audience-network-sdk:4.28.2] AndroidManifest.xml:12:5-79
MERGED from [com.google.android.gms:play-services-maps:10.0.1] AndroidManifest.xml:19:5-78
MERGED from [com.google.android.gms:play-services-maps:10.0.1] AndroidManifest.xml:19:5-78
MERGED from [com.google.android.gms:play-services-ads-lite:10.0.1] AndroidManifest.xml:20:5-78
MERGED from [com.google.android.gms:play-services-ads-lite:10.0.1] AndroidManifest.xml:20:5-78
MERGED from [com.google.firebase:firebase-analytics-impl:10.0.1] AndroidManifest.xml:21:5-78
MERGED from [com.google.firebase:firebase-analytics-impl:10.0.1] AndroidManifest.xml:21:5-78
MERGED from [com.google.firebase:firebase-iid:10.0.1] AndroidManifest.xml:19:5-78
MERGED from [com.google.firebase:firebase-iid:10.0.1] AndroidManifest.xml:19:5-78
MERGED from [com.startapp:inapp-sdk:3.7.1] AndroidManifest.xml:13:5-79
MERGED from [com.startapp:inapp-sdk:3.7.1] AndroidManifest.xml:13:5-79
	android:name
		ADDED from NextG_3G4G/A_AA_FourGThreeGNew_Agst/AndroidManifest.xml:12:22-76
uses-permission#com.samsung.android.providers.context.permission.WRITE_USE_APP_FEATURE_SURVEY
ADDED from NextG_3G4G/A_AA_FourGThreeGNew_Agst/AndroidManifest.xml:13:5-117
	android:name
		ADDED from NextG_3G4G/A_AA_FourGThreeGNew_Agst/AndroidManifest.xml:13:22-114
uses-permission#android.permission.CHANGE_WIFI_STATE
ADDED from NextG_3G4G/A_AA_FourGThreeGNew_Agst/AndroidManifest.xml:15:5-76
	android:name
		ADDED from NextG_3G4G/A_AA_FourGThreeGNew_Agst/AndroidManifest.xml:15:22-73
uses-permission#android.permission.INTERNET
ADDED from NextG_3G4G/A_AA_FourGThreeGNew_Agst/AndroidManifest.xml:17:5-67
MERGED from [com.google.firebase:firebase-crash:10.0.1] AndroidManifest.xml:18:5-66
MERGED from [com.google.firebase:firebase-crash:10.0.1] AndroidManifest.xml:18:5-66
MERGED from [com.google.firebase:firebase-analytics:10.0.1] AndroidManifest.xml:20:5-66
MERGED from [com.google.firebase:firebase-analytics:10.0.1] AndroidManifest.xml:20:5-66
MERGED from [com.facebook.android:audience-network-sdk:4.28.2] AndroidManifest.xml:11:5-67
MERGED from [com.facebook.android:audience-network-sdk:4.28.2] AndroidManifest.xml:11:5-67
MERGED from [com.google.android.gms:play-services-maps:10.0.1] AndroidManifest.xml:20:5-66
MERGED from [com.google.android.gms:play-services-maps:10.0.1] AndroidManifest.xml:20:5-66
MERGED from [com.google.android.gms:play-services-ads-lite:10.0.1] AndroidManifest.xml:19:5-66
MERGED from [com.google.android.gms:play-services-ads-lite:10.0.1] AndroidManifest.xml:19:5-66
MERGED from [com.google.firebase:firebase-analytics-impl:10.0.1] AndroidManifest.xml:20:5-66
MERGED from [com.google.firebase:firebase-analytics-impl:10.0.1] AndroidManifest.xml:20:5-66
MERGED from [com.google.firebase:firebase-iid:10.0.1] AndroidManifest.xml:20:5-66
MERGED from [com.google.firebase:firebase-iid:10.0.1] AndroidManifest.xml:20:5-66
MERGED from [com.startapp:inapp-sdk:3.7.1] AndroidManifest.xml:11:5-67
MERGED from [com.startapp:inapp-sdk:3.7.1] AndroidManifest.xml:11:5-67
	android:name
		ADDED from NextG_3G4G/A_AA_FourGThreeGNew_Agst/AndroidManifest.xml:17:22-64
uses-permission#android.permission.ACCESS_WIFI_STATE
ADDED from NextG_3G4G/A_AA_FourGThreeGNew_Agst/AndroidManifest.xml:18:5-21:23
MERGED from [com.startapp:inapp-sdk:3.7.1] AndroidManifest.xml:12:5-76
MERGED from [com.startapp:inapp-sdk:3.7.1] AndroidManifest.xml:12:5-76
	android:maxSdkVersion
		ADDED from NextG_3G4G/A_AA_FourGThreeGNew_Agst/AndroidManifest.xml:20:9-35
	android:name
		ADDED from NextG_3G4G/A_AA_FourGThreeGNew_Agst/AndroidManifest.xml:19:9-60
uses-permission#android.permission.ACCESS_COARSE_LOCATION
ADDED from NextG_3G4G/A_AA_FourGThreeGNew_Agst/AndroidManifest.xml:27:5-81
	android:name
		ADDED from NextG_3G4G/A_AA_FourGThreeGNew_Agst/AndroidManifest.xml:27:22-78
uses-permission#android.permission.READ_PHONE_STATE
ADDED from NextG_3G4G/A_AA_FourGThreeGNew_Agst/AndroidManifest.xml:28:5-75
	android:name
		ADDED from NextG_3G4G/A_AA_FourGThreeGNew_Agst/AndroidManifest.xml:28:22-72
uses-permission#android.permission.PROCESS_OUTGOING_CALLS
ADDED from NextG_3G4G/A_AA_FourGThreeGNew_Agst/AndroidManifest.xml:29:5-81
	android:name
		ADDED from NextG_3G4G/A_AA_FourGThreeGNew_Agst/AndroidManifest.xml:29:22-78
uses-permission#android.permission.READ_CONTACTS
ADDED from NextG_3G4G/A_AA_FourGThreeGNew_Agst/AndroidManifest.xml:30:5-72
	android:name
		ADDED from NextG_3G4G/A_AA_FourGThreeGNew_Agst/AndroidManifest.xml:30:22-69
uses-permission#android.permission.WRITE_EXTERNAL_STORAGE
ADDED from NextG_3G4G/A_AA_FourGThreeGNew_Agst/AndroidManifest.xml:31:5-81
	android:name
		ADDED from NextG_3G4G/A_AA_FourGThreeGNew_Agst/AndroidManifest.xml:31:22-78
uses-permission#android.permission.CALL_PHONE
ADDED from NextG_3G4G/A_AA_FourGThreeGNew_Agst/AndroidManifest.xml:32:5-69
	android:name
		ADDED from NextG_3G4G/A_AA_FourGThreeGNew_Agst/AndroidManifest.xml:32:22-66
uses-permission#com.android.vending.BILLING
ADDED from NextG_3G4G/A_AA_FourGThreeGNew_Agst/AndroidManifest.xml:35:5-67
	android:name
		ADDED from NextG_3G4G/A_AA_FourGThreeGNew_Agst/AndroidManifest.xml:35:22-64
application
ADDED from NextG_3G4G/A_AA_FourGThreeGNew_Agst/AndroidManifest.xml:37:5-288:19
MERGED from [com.google.firebase:firebase-core:9.0.0] AndroidManifest.xml:5:5-20
MERGED from [com.google.firebase:firebase-core:9.0.0] AndroidManifest.xml:5:5-20
MERGED from [:library] AndroidManifest.xml:5:5-20
MERGED from [:library] AndroidManifest.xml:5:5-20
MERGED from [:lib_progress] AndroidManifest.xml:6:5-20
MERGED from [:lib_progress] AndroidManifest.xml:6:5-20
MERGED from [:AppNextEngine] AndroidManifest.xml:5:5-20
MERGED from [:AppNextEngine] AndroidManifest.xml:5:5-20
MERGED from [com.google.firebase:firebase-crash:10.0.1] AndroidManifest.xml:22:5-23:19
MERGED from [com.google.firebase:firebase-crash:10.0.1] AndroidManifest.xml:22:5-23:19
MERGED from [com.google.firebase:firebase-analytics:10.0.1] AndroidManifest.xml:24:5-33:19
MERGED from [com.google.firebase:firebase-analytics:10.0.1] AndroidManifest.xml:24:5-33:19
MERGED from [com.facebook.android:audience-network-sdk:4.28.2] AndroidManifest.xml:14:5-18:19
MERGED from [com.facebook.android:audience-network-sdk:4.28.2] AndroidManifest.xml:14:5-18:19
MERGED from [com.google.firebase:firebase-messaging:10.0.1] AndroidManifest.xml:19:5-29:19
MERGED from [com.google.firebase:firebase-messaging:10.0.1] AndroidManifest.xml:19:5-29:19
MERGED from [com.google.android.gms:play-services-location:10.0.1] AndroidManifest.xml:4:5-19
MERGED from [com.google.android.gms:play-services-location:10.0.1] AndroidManifest.xml:4:5-19
MERGED from [com.google.android.gms:play-services-maps:10.0.1] AndroidManifest.xml:24:5-19
MERGED from [com.google.android.gms:play-services-maps:10.0.1] AndroidManifest.xml:24:5-19
MERGED from [com.google.android.gms:play-services-ads-lite:10.0.1] AndroidManifest.xml:23:5-27:19
MERGED from [com.google.android.gms:play-services-ads-lite:10.0.1] AndroidManifest.xml:23:5-27:19
MERGED from [com.google.android.gms:play-services-clearcut:10.0.1] AndroidManifest.xml:18:5-19
MERGED from [com.google.android.gms:play-services-clearcut:10.0.1] AndroidManifest.xml:18:5-19
MERGED from [com.google.android.gms:play-services-gass:10.0.1] AndroidManifest.xml:4:5-19
MERGED from [com.google.android.gms:play-services-gass:10.0.1] AndroidManifest.xml:4:5-19
MERGED from [com.google.android.gms:play-services-base:10.0.1] AndroidManifest.xml:18:5-20:19
MERGED from [com.google.android.gms:play-services-base:10.0.1] AndroidManifest.xml:18:5-20:19
MERGED from [com.google.firebase:firebase-analytics-impl:10.0.1] AndroidManifest.xml:24:5-28:19
MERGED from [com.google.firebase:firebase-analytics-impl:10.0.1] AndroidManifest.xml:24:5-28:19
MERGED from [com.google.firebase:firebase-iid:10.0.1] AndroidManifest.xml:28:5-50:19
MERGED from [com.google.firebase:firebase-iid:10.0.1] AndroidManifest.xml:28:5-50:19
MERGED from [com.google.firebase:firebase-common:10.0.1] AndroidManifest.xml:4:5-7:19
MERGED from [com.google.firebase:firebase-common:10.0.1] AndroidManifest.xml:4:5-7:19
MERGED from [com.google.android.gms:play-services-tasks:10.0.1] AndroidManifest.xml:4:5-19
MERGED from [com.google.android.gms:play-services-tasks:10.0.1] AndroidManifest.xml:4:5-19
MERGED from [com.google.android.gms:play-services-basement:10.0.1] AndroidManifest.xml:19:5-21:19
MERGED from [com.google.android.gms:play-services-basement:10.0.1] AndroidManifest.xml:19:5-21:19
MERGED from [com.android.support:design:26.0.2] AndroidManifest.xml:25:5-29:19
MERGED from [com.android.support:design:26.0.2] AndroidManifest.xml:25:5-29:19
MERGED from [com.android.support:appcompat-v7:26.0.2] AndroidManifest.xml:25:5-29:19
MERGED from [com.android.support:appcompat-v7:26.0.2] AndroidManifest.xml:25:5-29:19
MERGED from [com.android.support:cardview-v7:26.0.2] AndroidManifest.xml:22:5-26:19
MERGED from [com.android.support:cardview-v7:26.0.2] AndroidManifest.xml:22:5-26:19
MERGED from [com.startapp:inapp-sdk:3.7.1] AndroidManifest.xml:15:5-39:19
MERGED from [com.startapp:inapp-sdk:3.7.1] AndroidManifest.xml:15:5-39:19
MERGED from [com.android.volley:volley:1.1.0] AndroidManifest.xml:9:5-20
MERGED from [com.android.volley:volley:1.1.0] AndroidManifest.xml:9:5-20
MERGED from [com.android.support:transition:26.0.2] AndroidManifest.xml:22:5-26:19
MERGED from [com.android.support:transition:26.0.2] AndroidManifest.xml:22:5-26:19
MERGED from [com.android.support:support-v4:26.0.2] AndroidManifest.xml:25:5-29:19
MERGED from [com.android.support:support-v4:26.0.2] AndroidManifest.xml:25:5-29:19
MERGED from [com.android.support:animated-vector-drawable:26.0.2] AndroidManifest.xml:22:5-26:19
MERGED from [com.android.support:animated-vector-drawable:26.0.2] AndroidManifest.xml:22:5-26:19
MERGED from [com.android.support:support-vector-drawable:26.0.2] AndroidManifest.xml:22:5-26:19
MERGED from [com.android.support:support-vector-drawable:26.0.2] AndroidManifest.xml:22:5-26:19
MERGED from [com.android.support:recyclerview-v7:26.0.2] AndroidManifest.xml:22:5-26:19
MERGED from [com.android.support:recyclerview-v7:26.0.2] AndroidManifest.xml:22:5-26:19
MERGED from [com.android.support:support-media-compat:26.0.2] AndroidManifest.xml:25:5-29:19
MERGED from [com.android.support:support-media-compat:26.0.2] AndroidManifest.xml:25:5-29:19
MERGED from [com.android.support:support-fragment:26.0.2] AndroidManifest.xml:25:5-29:19
MERGED from [com.android.support:support-fragment:26.0.2] AndroidManifest.xml:25:5-29:19
MERGED from [com.android.support:support-core-utils:26.0.2] AndroidManifest.xml:25:5-29:19
MERGED from [com.android.support:support-core-utils:26.0.2] AndroidManifest.xml:25:5-29:19
MERGED from [com.android.support:support-core-ui:26.0.2] AndroidManifest.xml:25:5-29:19
MERGED from [com.android.support:support-core-ui:26.0.2] AndroidManifest.xml:25:5-29:19
MERGED from [com.android.support:support-compat:26.0.2] AndroidManifest.xml:25:5-29:19
MERGED from [com.android.support:support-compat:26.0.2] AndroidManifest.xml:25:5-29:19
	android:label
		ADDED from NextG_3G4G/A_AA_FourGThreeGNew_Agst/AndroidManifest.xml:41:9-47
	tools:overrideLibrary
		ADDED from NextG_3G4G/A_AA_FourGThreeGNew_Agst/AndroidManifest.xml:43:9-49
	android:icon
		ADDED from NextG_3G4G/A_AA_FourGThreeGNew_Agst/AndroidManifest.xml:40:9-49
	android:allowBackup
		ADDED from NextG_3G4G/A_AA_FourGThreeGNew_Agst/AndroidManifest.xml:39:9-35
	android:theme
		ADDED from NextG_3G4G/A_AA_FourGThreeGNew_Agst/AndroidManifest.xml:42:9-42
	tools:replace
		ADDED from NextG_3G4G/A_AA_FourGThreeGNew_Agst/AndroidManifest.xml:44:9-38
	android:name
		ADDED from NextG_3G4G/A_AA_FourGThreeGNew_Agst/AndroidManifest.xml:38:9-68
meta-data#com.google.android.gms.version
ADDED from NextG_3G4G/A_AA_FourGThreeGNew_Agst/AndroidManifest.xml:46:9-48:69
MERGED from [com.google.android.gms:play-services-basement:10.0.1] AndroidManifest.xml:20:9-121
MERGED from [com.google.android.gms:play-services-basement:10.0.1] AndroidManifest.xml:20:9-121
	android:value
		ADDED from NextG_3G4G/A_AA_FourGThreeGNew_Agst/AndroidManifest.xml:48:13-66
	android:name
		ADDED from NextG_3G4G/A_AA_FourGThreeGNew_Agst/AndroidManifest.xml:47:13-58
activity#app.pnd.fourg.SplashActivityV3
ADDED from NextG_3G4G/A_AA_FourGThreeGNew_Agst/AndroidManifest.xml:50:9-60:20
	android:screenOrientation
		ADDED from NextG_3G4G/A_AA_FourGThreeGNew_Agst/AndroidManifest.xml:53:13-49
	android:label
		ADDED from NextG_3G4G/A_AA_FourGThreeGNew_Agst/AndroidManifest.xml:52:13-51
	android:theme
		ADDED from NextG_3G4G/A_AA_FourGThreeGNew_Agst/AndroidManifest.xml:54:13-69
	android:name
		ADDED from NextG_3G4G/A_AA_FourGThreeGNew_Agst/AndroidManifest.xml:51:13-58
intent-filter#android.intent.action.MAIN+android.intent.category.LAUNCHER
ADDED from NextG_3G4G/A_AA_FourGThreeGNew_Agst/AndroidManifest.xml:55:13-59:29
action#android.intent.action.MAIN
ADDED from NextG_3G4G/A_AA_FourGThreeGNew_Agst/AndroidManifest.xml:56:17-69
	android:name
		ADDED from NextG_3G4G/A_AA_FourGThreeGNew_Agst/AndroidManifest.xml:56:25-66
category#android.intent.category.LAUNCHER
ADDED from NextG_3G4G/A_AA_FourGThreeGNew_Agst/AndroidManifest.xml:58:17-77
	android:name
		ADDED from NextG_3G4G/A_AA_FourGThreeGNew_Agst/AndroidManifest.xml:58:27-74
activity#app.pnd.fourg.SettingActivity
ADDED from NextG_3G4G/A_AA_FourGThreeGNew_Agst/AndroidManifest.xml:61:9-66
	android:name
		ADDED from NextG_3G4G/A_AA_FourGThreeGNew_Agst/AndroidManifest.xml:61:19-63
activity#app.pnd.fourg.AppLauncher
ADDED from NextG_3G4G/A_AA_FourGThreeGNew_Agst/AndroidManifest.xml:62:9-68:20
	android:screenOrientation
		ADDED from NextG_3G4G/A_AA_FourGThreeGNew_Agst/AndroidManifest.xml:65:13-49
	android:label
		ADDED from NextG_3G4G/A_AA_FourGThreeGNew_Agst/AndroidManifest.xml:64:13-51
	android:theme
		ADDED from NextG_3G4G/A_AA_FourGThreeGNew_Agst/AndroidManifest.xml:66:13-69
	android:name
		ADDED from NextG_3G4G/A_AA_FourGThreeGNew_Agst/AndroidManifest.xml:63:13-53
activity#app.pnd.fourg.HistoryActivity
ADDED from NextG_3G4G/A_AA_FourGThreeGNew_Agst/AndroidManifest.xml:69:9-71:61
	android:screenOrientation
		ADDED from NextG_3G4G/A_AA_FourGThreeGNew_Agst/AndroidManifest.xml:71:13-49
	android:name
		ADDED from NextG_3G4G/A_AA_FourGThreeGNew_Agst/AndroidManifest.xml:70:13-57
activity#app.pnd.fourg.MainActivity
ADDED from NextG_3G4G/A_AA_FourGThreeGNew_Agst/AndroidManifest.xml:72:9-77:83
	android:screenOrientation
		ADDED from NextG_3G4G/A_AA_FourGThreeGNew_Agst/AndroidManifest.xml:76:13-49
	android:label
		ADDED from NextG_3G4G/A_AA_FourGThreeGNew_Agst/AndroidManifest.xml:75:13-51
	android:icon
		ADDED from NextG_3G4G/A_AA_FourGThreeGNew_Agst/AndroidManifest.xml:74:13-53
	android:theme
		ADDED from NextG_3G4G/A_AA_FourGThreeGNew_Agst/AndroidManifest.xml:77:13-71
	android:name
		ADDED from NextG_3G4G/A_AA_FourGThreeGNew_Agst/AndroidManifest.xml:73:13-54
activity#version.ux.MajorActivity
ADDED from NextG_3G4G/A_AA_FourGThreeGNew_Agst/AndroidManifest.xml:78:9-81:83
	android:screenOrientation
		ADDED from NextG_3G4G/A_AA_FourGThreeGNew_Agst/AndroidManifest.xml:80:13-49
	android:theme
		ADDED from NextG_3G4G/A_AA_FourGThreeGNew_Agst/AndroidManifest.xml:81:13-71
	android:name
		ADDED from NextG_3G4G/A_AA_FourGThreeGNew_Agst/AndroidManifest.xml:79:13-52
activity#app.circular.CircularActivity
ADDED from NextG_3G4G/A_AA_FourGThreeGNew_Agst/AndroidManifest.xml:82:9-85:61
	android:screenOrientation
		ADDED from NextG_3G4G/A_AA_FourGThreeGNew_Agst/AndroidManifest.xml:85:13-49
	android:label
		ADDED from NextG_3G4G/A_AA_FourGThreeGNew_Agst/AndroidManifest.xml:84:13-51
	android:name
		ADDED from NextG_3G4G/A_AA_FourGThreeGNew_Agst/AndroidManifest.xml:83:13-57
activity#com.google.android.gms.ads.AdActivity
ADDED from NextG_3G4G/A_AA_FourGThreeGNew_Agst/AndroidManifest.xml:88:9-90:125
MERGED from [com.google.android.gms:play-services-ads-lite:10.0.1] AndroidManifest.xml:25:9-232
MERGED from [com.google.android.gms:play-services-ads-lite:10.0.1] AndroidManifest.xml:25:9-232
	android:configChanges
		ADDED from NextG_3G4G/A_AA_FourGThreeGNew_Agst/AndroidManifest.xml:90:13-122
	android:theme
		ADDED from [com.google.android.gms:play-services-ads-lite:10.0.1] AndroidManifest.xml:25:182-230
	android:name
		ADDED from NextG_3G4G/A_AA_FourGThreeGNew_Agst/AndroidManifest.xml:89:13-65
activity#app.adshandler.FullPagePromo
ADDED from NextG_3G4G/A_AA_FourGThreeGNew_Agst/AndroidManifest.xml:93:9-96:71
	android:screenOrientation
		ADDED from NextG_3G4G/A_AA_FourGThreeGNew_Agst/AndroidManifest.xml:95:13-49
	android:theme
		ADDED from NextG_3G4G/A_AA_FourGThreeGNew_Agst/AndroidManifest.xml:96:13-68
	android:name
		ADDED from NextG_3G4G/A_AA_FourGThreeGNew_Agst/AndroidManifest.xml:94:13-56
service#app.pnd.fourg.MyFirebaseMessagingService
ADDED from NextG_3G4G/A_AA_FourGThreeGNew_Agst/AndroidManifest.xml:107:9-112:19
	android:name
		ADDED from NextG_3G4G/A_AA_FourGThreeGNew_Agst/AndroidManifest.xml:107:18-73
intent-filter#com.google.firebase.MESSAGING_EVENT
ADDED from NextG_3G4G/A_AA_FourGThreeGNew_Agst/AndroidManifest.xml:108:13-110:29
action#com.google.firebase.MESSAGING_EVENT
ADDED from NextG_3G4G/A_AA_FourGThreeGNew_Agst/AndroidManifest.xml:109:17-78
	android:name
		ADDED from NextG_3G4G/A_AA_FourGThreeGNew_Agst/AndroidManifest.xml:109:25-75
service#app.pnd.fourg.MyFirebaseInstanceIDService
ADDED from NextG_3G4G/A_AA_FourGThreeGNew_Agst/AndroidManifest.xml:115:9-119:19
	android:name
		ADDED from NextG_3G4G/A_AA_FourGThreeGNew_Agst/AndroidManifest.xml:115:18-74